<?xml version="1.0" encoding="UTF-8"?>
<!-- Generated by org.testng.reporters.JUnitReportReporter -->
<testsuite hostname="LAPTOP-TH7G3C25" failures="0" tests="6" name="com.Project.D6Inovacationcount" time="35.698" errors="0" timestamp="2023-11-04T00:27:00 PDT" skipped="0">
  <testcase classname="com.Project.D6Inovacationcount" name="User_name_emailid" time="5.365"/>
  <testcase classname="com.Project.D6Inovacationcount" name="User_name_emailid" time="6.294"/>
  <testcase classname="com.Project.D6Inovacationcount" name="User_name_emailid" time="5.525"/>
  <testcase classname="com.Project.D6Inovacationcount" name="User_name_emailid" time="6.147"/>
  <testcase classname="com.Project.D6Inovacationcount" name="User_name_emailid" time="5.955"/>
  <testcase classname="com.Project.D6Inovacationcount" name="User_name_emailid" time="6.412"/>
</testsuite> <!-- com.Project.D6Inovacationcount -->
