<?xml version="1.0" encoding="UTF-8"?>
<!-- Generated by org.testng.reporters.JUnitReportReporter -->
<testsuite hostname="LAPTOP-TH7G3C25" failures="0" tests="1" name="com.Project.Day7parameter_Testng" time="3.685" errors="0" timestamp="2023-11-03T07:45:21 PDT" skipped="0">
  <testcase classname="com.Project.Day7parameter_Testng" name="property" time="3.685"/>
</testsuite> <!-- com.Project.Day7parameter_Testng -->
