<?xml version="1.0" encoding="UTF-8"?>
<!-- Generated by org.testng.reporters.JUnitReportReporter -->
<testsuite hostname="LAPTOP-TH7G3C25" failures="0" tests="3" name="com.Project.Day2Ignore2_Testng" time="0.006" errors="0" timestamp="2023-11-03T02:29:19 PDT" skipped="0">
  <testcase classname="com.Project.Day2Ignore2_Testng" name="firstSenario" time="0.002"/>
  <testcase classname="com.Project.Day2Ignore2_Testng" name="thirdsenario" time="0.002"/>
  <testcase classname="com.Project.Day2Ignore2_Testng" name="secondsenario" time="0.002"/>
</testsuite> <!-- com.Project.Day2Ignore2_Testng -->
