<?xml version="1.0" encoding="UTF-8"?>
<!-- Generated by org.testng.reporters.JUnitReportReporter -->
<testsuite hostname="LAPTOP-TH7G3C25" failures="0" tests="1" name="com.Project.Day11parallel2" time="2.202" errors="0" timestamp="2023-11-05T04:55:50 PST" skipped="0">
  <testcase classname="com.Project.Day11parallel2" name="facebook" time="2.202"/>
</testsuite> <!-- com.Project.Day11parallel2 -->
