<?xml version="1.0" encoding="UTF-8"?>
<!-- Generated by org.testng.reporters.JUnitReportReporter -->
<testsuite hostname="LAPTOP-TH7G3C25" failures="0" tests="6" name="com.Project.Day2Priority_Testng" time="0.027" errors="0" timestamp="2023-10-31T03:16:04 PDT" skipped="0">
  <testcase classname="com.Project.Day2Priority_Testng" name="login" time="0.012"/>
  <testcase classname="com.Project.Day2Priority_Testng" name="signup" time="0.003"/>
  <testcase classname="com.Project.Day2Priority_Testng" name="searchflight" time="0.002"/>
  <testcase classname="com.Project.Day2Priority_Testng" name="bookthefight" time="0.003"/>
  <testcase classname="com.Project.Day2Priority_Testng" name="logOut" time="0.006"/>
  <testcase classname="com.Project.Day2Priority_Testng" name="saveticket" time="0.001"/>
</testsuite> <!-- com.Project.Day2Priority_Testng -->
