<?xml version="1.0" encoding="UTF-8"?>
<!-- Generated by org.testng.reporters.JUnitReportReporter -->
<testsuite hostname="LAPTOP-TH7G3C25" failures="0" tests="6" name="com.Project.Day3invocation_Testng" time="39.624" errors="0" timestamp="2023-11-03T05:34:44 PDT" skipped="0">
  <testcase classname="com.Project.Day3invocation_Testng" name="User_name_emailid" time="6.737"/>
  <testcase classname="com.Project.Day3invocation_Testng" name="User_name_emailid" time="6.644"/>
  <testcase classname="com.Project.Day3invocation_Testng" name="User_name_emailid" time="5.391"/>
  <testcase classname="com.Project.Day3invocation_Testng" name="User_name_emailid" time="5.315"/>
  <testcase classname="com.Project.Day3invocation_Testng" name="User_name_emailid" time="7.834"/>
  <testcase classname="com.Project.Day3invocation_Testng" name="User_name_emailid" time="7.703"/>
</testsuite> <!-- com.Project.Day3invocation_Testng -->
