<?xml version="1.0" encoding="UTF-8"?>
<!-- Generated by org.testng.reporters.JUnitReportReporter -->
<testsuite hostname="LAPTOP-TH7G3C25" failures="0" tests="2" name="com.Project.Day2_Testng" time="2.058" errors="0" timestamp="2023-10-13T03:45:25 PDT" skipped="0">
  <testcase classname="com.Project.Day2_Testng" name="beforeMethod" time="0.545"/>
  <testcase classname="com.Project.Day2_Testng" name="face" time="1.513"/>
</testsuite> <!-- com.Project.Day2_Testng -->
