<?xml version="1.0" encoding="UTF-8"?>
<!-- Generated by org.testng.reporters.JUnitReportReporter -->
<testsuite hostname="LAPTOP-TH7G3C25" failures="0" tests="8" name="com.Project.D3Priority" time="16.384" errors="0" timestamp="2023-11-03T03:12:16 PDT" skipped="0">
  <testcase classname="com.Project.D3Priority" name="setproperty" time="0.606"/>
  <testcase classname="com.Project.D3Priority" name="chrome" time="1.333"/>
  <testcase classname="com.Project.D3Priority" name="maximize" time="0.150"/>
  <testcase classname="com.Project.D3Priority" name="url" time="4.267"/>
  <testcase classname="com.Project.D3Priority" name="searchfilm" time="0.178"/>
  <testcase classname="com.Project.D3Priority" name="click" time="4.444"/>
  <testcase classname="com.Project.D3Priority" name="picclick" time="3.114"/>
  <testcase classname="com.Project.D3Priority" name="starrate" time="2.292"/>
</testsuite> <!-- com.Project.D3Priority -->
