<?xml version="1.0" encoding="UTF-8"?>
<!-- Generated by org.testng.reporters.JUnitReportReporter -->
<testsuite hostname="LAPTOP-TH7G3C25" failures="0" tests="1" name="com.Project.D11parallel1" time="8.748" errors="0" timestamp="2023-11-05T04:55:50 PST" skipped="0">
  <testcase classname="com.Project.D11parallel1" name="amazon" time="8.748"/>
</testsuite> <!-- com.Project.D11parallel1 -->
