<?xml version="1.0" encoding="UTF-8"?>
<!-- Generated by org.testng.reporters.JUnitReportReporter -->
<testsuite hostname="LAPTOP-TH7G3C25" failures="0" tests="1" name="com.Project.D7Timeout" time="3.431" errors="0" timestamp="2023-11-03T07:18:39 PDT" skipped="0">
  <testcase classname="com.Project.D7Timeout" name="amaz" time="3.431"/>
</testsuite> <!-- com.Project.D7Timeout -->
