<?xml version="1.0" encoding="UTF-8"?>
<!-- Generated by org.testng.reporters.JUnitReportReporter -->
<testsuite hostname="LAPTOP-TH7G3C25" failures="0" tests="2" name="com.Project.Day3group_Testng" time="0.010" errors="0" timestamp="2023-10-14T04:47:11 PDT" skipped="0">
  <testcase classname="com.Project.Day3group_Testng" name="thirssenario" time="0.002"/>
  <testcase classname="com.Project.Day3group_Testng" name="secondsenario" time="0.008"/>
</testsuite> <!-- com.Project.Day3group_Testng -->
