<?xml version="1.0" encoding="UTF-8"?>
<!-- Generated by org.testng.reporters.JUnitReportReporter -->
<testsuite hostname="LAPTOP-TH7G3C25" failures="0" tests="1" name="com.Project.Day4parallel3_Testng" time="5.717" errors="0" timestamp="2023-11-05T04:40:58 PST" skipped="0">
  <testcase classname="com.Project.Day4parallel3_Testng" name="insta" time="5.717"/>
</testsuite> <!-- com.Project.Day4parallel3_Testng -->
