<?xml version="1.0" encoding="UTF-8"?>
<!-- Generated by org.testng.reporters.JUnitReportReporter -->
<testsuite hostname="LAPTOP-TH7G3C25" failures="0" tests="1" name="com.Project.Day4timeout_Testng" time="2.530" errors="0" timestamp="2023-10-16T02:26:57 PDT" skipped="0">
  <testcase classname="com.Project.Day4timeout_Testng" name="amaz" time="2.530"/>
</testsuite> <!-- com.Project.Day4timeout_Testng -->
