<?xml version="1.0" encoding="UTF-8"?>
<!-- Generated by org.testng.reporters.JUnitReportReporter -->
<testsuite hostname="LAPTOP-TH7G3C25" failures="0" tests="1" name="com.Project.Day1_Testng" time="0.009" errors="0" timestamp="2023-10-12T03:51:04 PDT" skipped="0">
  <testcase classname="com.Project.Day1_Testng" name="f" time="0.009"/>
</testsuite> <!-- com.Project.Day1_Testng -->
