<?xml version="1.0" encoding="UTF-8"?>
<!-- Generated by org.testng.reporters.JUnitReportReporter -->
<testsuite hostname="LAPTOP-TH7G3C25" failures="0" tests="3" name="com.Project.Day3grouping_Testng" time="0.005" errors="0" timestamp="2023-10-14T04:47:11 PDT" skipped="0">
  <testcase classname="com.Project.Day3grouping_Testng" name="firstsenario" time="0.001"/>
  <testcase classname="com.Project.Day3grouping_Testng" name="secondsenario" time="0.001"/>
  <testcase classname="com.Project.Day3grouping_Testng" name="forthsenario" time="0.003"/>
</testsuite> <!-- com.Project.Day3grouping_Testng -->
