<?xml version="1.0" encoding="UTF-8"?>
<!-- Generated by org.testng.reporters.JUnitReportReporter -->
<testsuite hostname="LAPTOP-TH7G3C25" failures="0" tests="4" name="com.Project.D4group" time="0.007" errors="0" timestamp="2023-11-03T03:43:40 PDT" skipped="0">
  <testcase classname="com.Project.D4group" name="firstsenario" time="0.005"/>
  <testcase classname="com.Project.D4group" name="thirssenario" time="0.001"/>
  <testcase classname="com.Project.D4group" name="forthsenario" time="0.001"/>
  <testcase classname="com.Project.D4group" name="secondsenario" time="0.000"/>
</testsuite> <!-- com.Project.D4group -->
