<?xml version="1.0" encoding="UTF-8"?>
<!-- Generated by org.testng.reporters.JUnitReportReporter -->
<testsuite hostname="LAPTOP-TH7G3C25" failures="0" tests="1" name="com.Project.Day4parallel4_Testng" time="4.115" errors="0" timestamp="2023-11-05T04:40:58 PST" skipped="0">
  <testcase classname="com.Project.Day4parallel4_Testng" name="nyka" time="4.115"/>
</testsuite> <!-- com.Project.Day4parallel4_Testng -->
