<?xml version="1.0" encoding="UTF-8"?>
<!-- Generated by org.testng.reporters.JUnitReportReporter -->
<testsuite hostname="LAPTOP-TH7G3C25" failures="0" tests="1" name="com.Project.D16Assert" time="4.552" errors="0" timestamp="2023-11-10T01:11:49 PST" skipped="0">
  <testcase classname="com.Project.D16Assert" name="login" time="4.552"/>
</testsuite> <!-- com.Project.D16Assert -->
