<?xml version="1.0" encoding="UTF-8"?>
<!-- Generated by org.testng.reporters.JUnitReportReporter -->
<testsuite hostname="LAPTOP-TH7G3C25" failures="0" tests="1" name="com.Project.D1SimpleAnno" time="11.383" errors="0" timestamp="2023-11-03T02:05:05 PDT" skipped="0">
  <testcase classname="com.Project.D1SimpleAnno" name="search" time="11.383"/>
</testsuite> <!-- com.Project.D1SimpleAnno -->
