<?xml version="1.0" encoding="UTF-8"?>
<!-- Generated by org.testng.reporters.JUnitReportReporter -->
<testsuite hostname="LAPTOP-TH7G3C25" failures="0" tests="3" name="com.Project.D2Ignaore" time="0.014" errors="0" timestamp="2023-11-03T02:44:25 PDT" skipped="1">
  <testcase classname="com.Project.D2Ignaore" name="secondcase" time="0.001"/>
  <testcase classname="com.Project.D2Ignaore" name="firstcase" time="0.013"/>
  <testcase classname="com.Project.D2Ignaore" name="thirdcase">
    <skipped/>
  </testcase> <!-- thirdcase -->
</testsuite> <!-- com.Project.D2Ignaore -->
