<?xml version="1.0" encoding="UTF-8"?>
<!-- Generated by org.testng.reporters.JUnitReportReporter -->
<testsuite hostname="LAPTOP-TH7G3C25" failures="0" tests="3" name="com.Project.D5Dependency" time="0.016" errors="0" timestamp="2023-11-04T00:23:29 PDT" skipped="0">
  <testcase classname="com.Project.D5Dependency" name="Third" time="0.003"/>
  <testcase classname="com.Project.D5Dependency" name="Second" time="0.003"/>
  <testcase classname="com.Project.D5Dependency" name="First" time="0.010"/>
</testsuite> <!-- com.Project.D5Dependency -->
