<?xml version="1.0" encoding="UTF-8"?>
<!-- Generated by org.testng.reporters.JUnitReportReporter -->
<testsuite hostname="LAPTOP-TH7G3C25" failures="0" tests="2" name="com.Project.Day5crossbro_Testng" time="28.189" errors="0" timestamp="2023-11-05T05:06:13 PST" skipped="0">
  <testcase classname="com.Project.Day5crossbro_Testng" name="edge" time="17.410"/>
  <testcase classname="com.Project.Day5crossbro_Testng" name="chrome" time="10.779"/>
</testsuite> <!-- com.Project.Day5crossbro_Testng -->
