<?xml version="1.0" encoding="UTF-8"?>
<!-- Generated by org.testng.reporters.JUnitReportReporter -->
<testsuite hostname="LAPTOP-TH7G3C25" failures="0" tests="5" name="com.Project.D8Expectedexp" time="5.662" errors="0" timestamp="2023-11-10T01:07:06 PST" skipped="0">
  <testcase classname="com.Project.D8Expectedexp" name="first_case" time="0.001"/>
  <testcase classname="com.Project.D8Expectedexp" name="Third_case" time="0.008"/>
  <testcase classname="com.Project.D8Expectedexp" name="fifth_case" time="5.651"/>
  <testcase classname="com.Project.D8Expectedexp" name="second_case" time="0.001"/>
  <testcase classname="com.Project.D8Expectedexp" name="fourth_case" time="0.001"/>
</testsuite> <!-- com.Project.D8Expectedexp -->
