<?xml version="1.0" encoding="UTF-8"?>
<!-- Generated by org.testng.reporters.JUnitReportReporter -->
<testsuite hostname="LAPTOP-TH7G3C25" failures="0" tests="6" name="com.Project.Day2priority_imdb" time="11.043" errors="0" timestamp="2023-10-13T05:46:23 PDT" skipped="0">
  <testcase classname="com.Project.Day2priority_imdb" name="setproperty" time="0.018"/>
  <testcase classname="com.Project.Day2priority_imdb" name="chrome" time="1.818"/>
  <testcase classname="com.Project.Day2priority_imdb" name="maximize" time="0.133"/>
  <testcase classname="com.Project.Day2priority_imdb" name="url" time="5.246"/>
  <testcase classname="com.Project.Day2priority_imdb" name="searchfilm" time="0.467"/>
  <testcase classname="com.Project.Day2priority_imdb" name="click" time="3.361"/>
</testsuite> <!-- com.Project.Day2priority_imdb -->
