<?xml version="1.0" encoding="UTF-8"?>
<!-- Generated by org.testng.reporters.JUnitReportReporter -->
<testsuite hostname="LAPTOP-TH7G3C25" failures="0" tests="3" name="com.Project.Day1" time="0.013" errors="0" timestamp="2023-10-11T00:51:35 PDT" skipped="0">
  <testcase classname="com.Project.Day1" name="firstsenario" time="0.011"/>
  <testcase classname="com.Project.Day1" name="thirdsenario" time="0.001"/>
  <testcase classname="com.Project.Day1" name="secondsenario" time="0.001"/>
</testsuite> <!-- com.Project.Day1 -->
