<?xml version="1.0" encoding="UTF-8"?>
<!-- Generated by org.testng.reporters.JUnitReportReporter -->
<testsuite hostname="LAPTOP-TH7G3C25" failures="0" tests="1" name="com.Project.Day15iretryanalyser" time="0.024" errors="0" timestamp="2023-11-05T05:45:05 PST" skipped="0">
  <testcase classname="com.Project.Day15iretryanalyser" name="test" time="0.024"/>
</testsuite> <!-- com.Project.Day15iretryanalyser -->
