<?xml version="1.0" encoding="UTF-8"?>
<!-- Generated by org.testng.reporters.JUnitReportReporter -->
<testsuite hostname="LAPTOP-TH7G3C25" failures="0" tests="1" name="com.Project.Day4parallel1_Testng" time="6.779" errors="0" timestamp="2023-11-05T04:40:57 PST" skipped="0">
  <testcase classname="com.Project.Day4parallel1_Testng" name="amazon" time="6.779"/>
</testsuite> <!-- com.Project.Day4parallel1_Testng -->
