<?xml version="1.0" encoding="UTF-8"?>
<!-- Generated by org.testng.reporters.JUnitReportReporter -->
<testsuite hostname="LAPTOP-TH7G3C25" failures="0" tests="2" name="com.Project.D12Crossbrowser" time="10.968" errors="0" timestamp="2023-11-05T05:07:39 PST" skipped="0">
  <testcase classname="com.Project.D12Crossbrowser" name="chrome" time="2.123"/>
  <testcase classname="com.Project.D12Crossbrowser" name="edge" time="8.845"/>
</testsuite> <!-- com.Project.D12Crossbrowser -->
